<?xml version="1.0" encoding="UTF-8"?>
<!-- Generated by org.testng.reporters.JUnitReportReporter -->
<testsuite skipped="0" hostname="INPF18MVW2" name="com.qa.smokesuite.testcases.DemoTest_case1" tests="2" failures="0" timestamp="13 Jan 2021 15:09:17 GMT" time="40.011" errors="0">
  <testcase name="test2" time="8.680" classname="com.qa.smokesuite.testcases.DemoTest_case1"/>
  <testcase name="test1" time="31.331" classname="com.qa.smokesuite.testcases.DemoTest_case1"/>
</testsuite> <!-- com.qa.smokesuite.testcases.DemoTest_case1 -->
