<?xml version="1.0" encoding="UTF-8"?>
<!-- Generated by org.testng.reporters.JUnitReportReporter -->
<testsuite skipped="0" hostname="INPF18MVW2" name="com.qa.smokesuite.testcases.DemoTest_case2" tests="2" failures="0" timestamp="22 Oct 2020 14:34:47 GMT" time="24.248" errors="0">
  <testcase name="tc_test2" time="15.782" classname="com.qa.smokesuite.testcases.DemoTest_case2"/>
  <testcase name="tc_test1" time="8.466" classname="com.qa.smokesuite.testcases.DemoTest_case2"/>
</testsuite> <!-- com.qa.smokesuite.testcases.DemoTest_case2 -->
