<?xml version="1.0" encoding="UTF-8"?>
<!-- Generated by org.testng.reporters.JUnitReportReporter -->
<testsuite skipped="0" hostname="INPF18MVW2" name="com.qa.smokesuite.testcases.Test" tests="2" failures="0" timestamp="11 Oct 2020 18:49:45 GMT" time="16.618" errors="0">
  <testcase name="test2" time="8.191" classname="com.qa.smokesuite.testcases.Test"/>
  <testcase name="test1" time="8.427" classname="com.qa.smokesuite.testcases.Test"/>
</testsuite> <!-- com.qa.smokesuite.testcases.Test -->
